<?xml version="1.0" encoding="UTF-8"?>
<!-- Generated by org.testng.reporters.JUnitReportReporter -->
<testsuite hostname="DESKTOP-3EP6P31" failures="0" tests="1" name="TestRepo.LoginTestCases" time="9.738" errors="0" timestamp="2024-02-16T19:34:37 IST" skipped="0">
  <testcase classname="TestRepo.LoginTestCases" name="LoginFlow" time="9.738"/>
  <system-out/>
</testsuite> <!-- TestRepo.LoginTestCases -->
