<?xml version="1.0" encoding="UTF-8"?>
<!-- Generated by org.testng.reporters.JUnitReportReporter -->
<testsuite hostname="DESKTOP-3EP6P31" failures="0" tests="2" name="TestRepo.Nav_Recruitment_Testcases" time="126.467" errors="0" timestamp="2024-02-02T10:51:20 IST" skipped="0">
  <testcase classname="TestRepo.Nav_Recruitment_Testcases" name="RecruitmentDetails" time="51.519"/>
  <system-out/>
  <testcase classname="TestRepo.Nav_Recruitment_Testcases" name="RecruitmentDetails" time="74.948"/>
  <system-out/>
</testsuite> <!-- TestRepo.Nav_Recruitment_Testcases -->
